;  LST file generated by mikroListExporter - v.2.0 
; Date/Time: 22.03.2019 20:58:30
;----------------------------------------------

;Address Opcode 	ASM
0x0000	0x2AFF      	GOTO       767
_interrupt:
0x0004	0x00FF      	MOVWF      R15
0x0005	0x0E03      	SWAPF      STATUS, 0
0x0006	0x0183      	CLRF       STATUS
0x0007	0x00A8      	MOVWF      ___saveSTATUS
0x0008	0x080A      	MOVF       PCLATH, 0
0x0009	0x00A9      	MOVWF      ___savePCLATH
0x000A	0x018A      	CLRF       PCLATH
0x000B	0x0804      	MOVF       FSR, 0
0x000C	0x00A0      	MOVWF      32
;Calculator.c,142 :: 		void interrupt(void) {
;Calculator.c,143 :: 		PORTB = 0;
0x000D	0x0186      	CLRF       PORTB
;Calculator.c,144 :: 		++portb_current_pin;
0x000E	0x0A23      	INCF       Calculator_portb_current_pin, 0
0x000F	0x00F0      	MOVWF      R0
0x0010	0x0870      	MOVF       R0, 0
0x0011	0x00A3      	MOVWF      Calculator_portb_current_pin
;Calculator.c,145 :: 		switch(portb_current_pin) {
0x0012	0x281E      	GOTO       L_interrupt66
;Calculator.c,146 :: 		case 4: PORTB.B4 = 1; break;
L_interrupt68:
0x0013	0x1606      	BSF        PORTB, 4
0x0014	0x282F      	GOTO       L_interrupt67
;Calculator.c,147 :: 		case 5: PORTB.B5 = 1; break;
L_interrupt69:
0x0015	0x1686      	BSF        PORTB, 5
0x0016	0x282F      	GOTO       L_interrupt67
;Calculator.c,148 :: 		case 6: PORTB.B6 = 1; break;
L_interrupt70:
0x0017	0x1706      	BSF        PORTB, 6
0x0018	0x282F      	GOTO       L_interrupt67
;Calculator.c,149 :: 		case 7: PORTB.B7 = 1; break;
L_interrupt71:
0x0019	0x1786      	BSF        PORTB, 7
0x001A	0x282F      	GOTO       L_interrupt67
;Calculator.c,150 :: 		default: portb_current_pin = 3; break;
L_interrupt72:
0x001B	0x3003      	MOVLW      3
0x001C	0x00A3      	MOVWF      Calculator_portb_current_pin
0x001D	0x282F      	GOTO       L_interrupt67
;Calculator.c,151 :: 		}
L_interrupt66:
0x001E	0x0823      	MOVF       Calculator_portb_current_pin, 0
0x001F	0x3A04      	XORLW      4
0x0020	0x1903      	BTFSC      STATUS, 2
0x0021	0x2813      	GOTO       L_interrupt68
0x0022	0x0823      	MOVF       Calculator_portb_current_pin, 0
0x0023	0x3A05      	XORLW      5
0x0024	0x1903      	BTFSC      STATUS, 2
0x0025	0x2815      	GOTO       L_interrupt69
0x0026	0x0823      	MOVF       Calculator_portb_current_pin, 0
0x0027	0x3A06      	XORLW      6
0x0028	0x1903      	BTFSC      STATUS, 2
0x0029	0x2817      	GOTO       L_interrupt70
0x002A	0x0823      	MOVF       Calculator_portb_current_pin, 0
0x002B	0x3A07      	XORLW      7
0x002C	0x1903      	BTFSC      STATUS, 2
0x002D	0x2819      	GOTO       L_interrupt71
0x002E	0x281B      	GOTO       L_interrupt72
L_interrupt67:
;Calculator.c,152 :: 		check_row0();
0x002F	0x228B      	CALL       Calculator_check_row0
;Calculator.c,153 :: 		check_row1();
0x0030	0x22B6      	CALL       Calculator_check_row1
;Calculator.c,154 :: 		check_row2();
0x0031	0x219F      	CALL       Calculator_check_row2
;Calculator.c,155 :: 		check_row3();
0x0032	0x2174      	CALL       Calculator_check_row3
;Calculator.c,156 :: 		print_or_do_command();
0x0033	0x21CB      	CALL       Calculator_print_or_do_command
;Calculator.c,158 :: 		INTCON.T0IF = 0;
0x0034	0x110B      	BCF        INTCON, 2
;Calculator.c,159 :: 		}
L_end_interrupt:
L__interrupt90:
0x0035	0x0820      	MOVF       32, 0
0x0036	0x0084      	MOVWF      FSR
0x0037	0x0829      	MOVF       ___savePCLATH, 0
0x0038	0x008A      	MOVWF      PCLATH
0x0039	0x0E28      	SWAPF      ___saveSTATUS, 0
0x003A	0x0083      	MOVWF      STATUS
0x003B	0x0EFF      	SWAPF      R15, 1
0x003C	0x0E7F      	SWAPF      R15, 0
0x003D	0x0009      	RETFIE
; end of _interrupt
_Div_8X8_S:
;__Lib_Math.c,606 :: 		
;__Lib_Math.c,614 :: 		
0x003E	0x1283      	BCF        STATUS, 5
;__Lib_Math.c,615 :: 		
0x003F	0x1303      	BCF        STATUS, 6
;__Lib_Math.c,616 :: 		
0x0040	0x01FD      	CLRF       R13
;__Lib_Math.c,617 :: 		
0x0041	0x01F8      	CLRF       R8
;__Lib_Math.c,618 :: 		
0x0042	0x0870      	MOVF       R0, 0
;__Lib_Math.c,619 :: 		
0x0043	0x1903      	BTFSC      STATUS, 2
;__Lib_Math.c,620 :: 		
0x0044	0x3400      	RETLW      0
;__Lib_Math.c,621 :: 		
0x0045	0x0674      	XORWF      R4, 0
;__Lib_Math.c,622 :: 		
0x0046	0x00FA      	MOVWF      R10
;__Lib_Math.c,623 :: 		
0x0047	0x1BFA      	BTFSC      R10, 7
;__Lib_Math.c,624 :: 		
0x0048	0x09FD      	COMF       R13, 1
;__Lib_Math.c,625 :: 		
0x0049	0x01FB      	CLRF       R11
;__Lib_Math.c,626 :: 		
0x004A	0x1FF4      	BTFSS      R4, 7
;__Lib_Math.c,627 :: 		
0x004B	0x284E      	GOTO       $+3
;__Lib_Math.c,628 :: 		
0x004C	0x09F4      	COMF       R4, 1
;__Lib_Math.c,629 :: 		
0x004D	0x0AF4      	INCF       R4, 1
;__Lib_Math.c,630 :: 		
0x004E	0x1FF0      	BTFSS      R0, 7
;__Lib_Math.c,631 :: 		
0x004F	0x2852      	GOTO       $+3
;__Lib_Math.c,632 :: 		
0x0050	0x09F0      	COMF       R0, 1
;__Lib_Math.c,633 :: 		
0x0051	0x0AF0      	INCF       R0, 1
;__Lib_Math.c,634 :: 		
0x0052	0x0870      	MOVF       R0, 0
;__Lib_Math.c,635 :: 		
0x0053	0x0474      	IORWF      R4, 0
;__Lib_Math.c,636 :: 		
0x0054	0x00FA      	MOVWF      R10
;__Lib_Math.c,637 :: 		
0x0055	0x1BFA      	BTFSC      R10, 7
;__Lib_Math.c,638 :: 		
0x0056	0x2876      	GOTO       $+32
;__Lib_Math.c,639 :: 		
0x0057	0x0874      	MOVF       R4, 0
;__Lib_Math.c,640 :: 		
0x0058	0x02F8      	SUBWF      R8, 1
;__Lib_Math.c,641 :: 		
0x0059	0x0DF0      	RLF        R0, 1
;__Lib_Math.c,642 :: 		
0x005A	0x0D70      	RLF        R0, 0
;__Lib_Math.c,643 :: 		
0x005B	0x0DF8      	RLF        R8, 1
;__Lib_Math.c,644 :: 		
0x005C	0x0874      	MOVF       R4, 0
;__Lib_Math.c,645 :: 		
0x005D	0x07F8      	ADDWF      R8, 1
;__Lib_Math.c,646 :: 		
0x005E	0x0DF0      	RLF        R0, 1
;__Lib_Math.c,647 :: 		
0x005F	0x3006      	MOVLW      6
;__Lib_Math.c,648 :: 		
0x0060	0x00FC      	MOVWF      R12
;__Lib_Math.c,649 :: 		
0x0061	0x0D70      	RLF        R0, 0
;__Lib_Math.c,650 :: 		
0x0062	0x0DF8      	RLF        R8, 1
;__Lib_Math.c,651 :: 		
0x0063	0x0874      	MOVF       R4, 0
;__Lib_Math.c,652 :: 		
0x0064	0x1870      	BTFSC      R0, 0
;__Lib_Math.c,653 :: 		
0x0065	0x02F8      	SUBWF      R8, 1
;__Lib_Math.c,654 :: 		
0x0066	0x1C70      	BTFSS      R0, 0
;__Lib_Math.c,655 :: 		
0x0067	0x07F8      	ADDWF      R8, 1
;__Lib_Math.c,656 :: 		
0x0068	0x0DF0      	RLF        R0, 1
;__Lib_Math.c,657 :: 		
0x0069	0x0BFC      	DECFSZ     R12, 1
;__Lib_Math.c,658 :: 		
0x006A	0x2861      	GOTO       $-9
;__Lib_Math.c,659 :: 		
0x006B	0x1C70      	BTFSS      R0, 0
;__Lib_Math.c,660 :: 		
0x006C	0x07F8      	ADDWF      R8, 1
;__Lib_Math.c,661 :: 		
0x006D	0x187B      	BTFSC      R11, 0
;__Lib_Math.c,662 :: 		
0x006E	0x2884      	GOTO       $+22
;__Lib_Math.c,663 :: 		
0x006F	0x1FFD      	BTFSS      R13, 7
;__Lib_Math.c,664 :: 		
0x0070	0x3400      	RETLW      0
;__Lib_Math.c,665 :: 		
0x0071	0x09F0      	COMF       R0, 1
;__Lib_Math.c,666 :: 		
0x0072	0x0AF0      	INCF       R0, 1
;__Lib_Math.c,667 :: 		
0x0073	0x09F8      	COMF       R8, 1
;__Lib_Math.c,668 :: 		
0x0074	0x0AF8      	INCF       R8, 1
;__Lib_Math.c,669 :: 		
0x0075	0x3400      	RETLW      0
;__Lib_Math.c,670 :: 		
0x0076	0x1FF4      	BTFSS      R4, 7
;__Lib_Math.c,671 :: 		
0x0077	0x2881      	GOTO       $+10
;__Lib_Math.c,672 :: 		
0x0078	0x1BF0      	BTFSC      R0, 7
;__Lib_Math.c,673 :: 		
0x0079	0x287E      	GOTO       $+5
;__Lib_Math.c,674 :: 		
0x007A	0x0870      	MOVF       R0, 0
;__Lib_Math.c,675 :: 		
0x007B	0x00F8      	MOVWF      R8
;__Lib_Math.c,676 :: 		
0x007C	0x01F0      	CLRF       R0
;__Lib_Math.c,677 :: 		
0x007D	0x286F      	GOTO       $-14
;__Lib_Math.c,678 :: 		
0x007E	0x01F0      	CLRF       R0
;__Lib_Math.c,679 :: 		
0x007F	0x0AF0      	INCF       R0, 1
;__Lib_Math.c,680 :: 		
0x0080	0x3400      	RETLW      0
;__Lib_Math.c,681 :: 		
0x0081	0x09F0      	COMF       R0, 1
;__Lib_Math.c,682 :: 		
0x0082	0x0AFB      	INCF       R11, 1
;__Lib_Math.c,683 :: 		
0x0083	0x2857      	GOTO       $-44
;__Lib_Math.c,684 :: 		
0x0084	0x0AF8      	INCF       R8, 1
;__Lib_Math.c,685 :: 		
0x0085	0x0874      	MOVF       R4, 0
;__Lib_Math.c,686 :: 		
0x0086	0x0278      	SUBWF      R8, 0
;__Lib_Math.c,687 :: 		
0x0087	0x1D03      	BTFSS      STATUS, 2
;__Lib_Math.c,688 :: 		
0x0088	0x286F      	GOTO       $-25
;__Lib_Math.c,689 :: 		
0x0089	0x01F8      	CLRF       R8
;__Lib_Math.c,690 :: 		
0x008A	0x0AF0      	INCF       R0, 1
;__Lib_Math.c,691 :: 		
0x008B	0x1FF0      	BTFSS      R0, 7
;__Lib_Math.c,692 :: 		
0x008C	0x286F      	GOTO       $-29
;__Lib_Math.c,693 :: 		
0x008D	0x34FF      	RETLW      255
;__Lib_Math.c,695 :: 		
L_end_Div_8X8_S:
0x008E	0x0008      	RETURN
; end of _Div_8X8_S
_Mul_8X8_U:
;__Lib_Math.c,103 :: 		
;__Lib_Math.c,108 :: 		
0x008F	0x1283      	BCF        STATUS, 5
;__Lib_Math.c,109 :: 		
0x0090	0x1303      	BCF        STATUS, 6
;__Lib_Math.c,110 :: 		
0x0091	0x0870      	MOVF       R0, 0
;__Lib_Math.c,111 :: 		
0x0092	0x00F1      	MOVWF      R1
;__Lib_Math.c,112 :: 		
0x0093	0x01F0      	CLRF       R0
;__Lib_Math.c,113 :: 		
0x0094	0x3008      	MOVLW      8
;__Lib_Math.c,114 :: 		
0x0095	0x00FC      	MOVWF      R12
;__Lib_Math.c,115 :: 		
0x0096	0x0871      	MOVF       R1, 0
;__Lib_Math.c,116 :: 		
0x0097	0x0CF4      	RRF        R4, 1
;__Lib_Math.c,117 :: 		
0x0098	0x1803      	BTFSC      STATUS, 0
;__Lib_Math.c,118 :: 		
0x0099	0x289E      	GOTO       $+5
;__Lib_Math.c,119 :: 		
0x009A	0x0BFC      	DECFSZ     R12, 1
;__Lib_Math.c,120 :: 		
0x009B	0x2897      	GOTO       $-4
;__Lib_Math.c,121 :: 		
0x009C	0x01F1      	CLRF       R1
;__Lib_Math.c,122 :: 		
0x009D	0x3400      	RETLW      0
;__Lib_Math.c,123 :: 		
0x009E	0x1003      	BCF        STATUS, 0
;__Lib_Math.c,124 :: 		
0x009F	0x28A3      	GOTO       $+4
;__Lib_Math.c,125 :: 		
0x00A0	0x0CF4      	RRF        R4, 1
;__Lib_Math.c,126 :: 		
0x00A1	0x1803      	BTFSC      STATUS, 0
;__Lib_Math.c,127 :: 		
0x00A2	0x07F1      	ADDWF      R1, 1
;__Lib_Math.c,128 :: 		
0x00A3	0x0CF1      	RRF        R1, 1
;__Lib_Math.c,129 :: 		
0x00A4	0x0CF0      	RRF        R0, 1
;__Lib_Math.c,130 :: 		
0x00A5	0x0BFC      	DECFSZ     R12, 1
;__Lib_Math.c,131 :: 		
0x00A6	0x28A0      	GOTO       $-6
;__Lib_Math.c,133 :: 		
;__Lib_Math.c,134 :: 		
L_end_Mul_8X8_U:
0x00A7	0x0008      	RETURN
; end of _Mul_8X8_U
Calculator_display:
;Calculator.c,53 :: 		static void display(unsigned short s) {
;Calculator.c,54 :: 		PORTD = s;
0x00A8	0x1283      	BCF        STATUS, 5
0x00A9	0x1303      	BCF        STATUS, 6
0x00AA	0x0833      	MOVF       FARG_Calculator_display_s, 0
0x00AB	0x0088      	MOVWF      PORTD
;Calculator.c,56 :: 		PORTC.B1 = 0;
0x00AC	0x1087      	BCF        PORTC, 1
;Calculator.c,57 :: 		Delay_ms(20);
0x00AD	0x3007      	MOVLW      7
0x00AE	0x00FC      	MOVWF      R12
0x00AF	0x307D      	MOVLW      125
0x00B0	0x00FD      	MOVWF      R13
L_Calculator_display28:
0x00B1	0x0BFD      	DECFSZ     R13, 1
0x00B2	0x28B1      	GOTO       L_Calculator_display28
0x00B3	0x0BFC      	DECFSZ     R12, 1
0x00B4	0x28B1      	GOTO       L_Calculator_display28
;Calculator.c,59 :: 		PORTC.B1 = 1;
0x00B5	0x1487      	BSF        PORTC, 1
;Calculator.c,60 :: 		Delay_ms(20);
0x00B6	0x3007      	MOVLW      7
0x00B7	0x00FC      	MOVWF      R12
0x00B8	0x307D      	MOVLW      125
0x00B9	0x00FD      	MOVWF      R13
L_Calculator_display29:
0x00BA	0x0BFD      	DECFSZ     R13, 1
0x00BB	0x28BA      	GOTO       L_Calculator_display29
0x00BC	0x0BFC      	DECFSZ     R12, 1
0x00BD	0x28BA      	GOTO       L_Calculator_display29
;Calculator.c,62 :: 		PORTC.B0 = 0;
0x00BE	0x1007      	BCF        PORTC, 0
;Calculator.c,63 :: 		}
L_end_display:
0x00BF	0x0008      	RETURN
; end of Calculator_display
_Delay_500us:
;__Lib_Delays.c,27 :: 		void Delay_500us() {
;__Lib_Delays.c,28 :: 		Delay_us(498);
0x00C0	0x3029      	MOVLW      41
0x00C1	0x1283      	BCF        STATUS, 5
0x00C2	0x1303      	BCF        STATUS, 6
0x00C3	0x00FD      	MOVWF      R13
L_Delay_500us2:
0x00C4	0x0BFD      	DECFSZ     R13, 1
0x00C5	0x28C4      	GOTO       L_Delay_500us2
;__Lib_Delays.c,29 :: 		}
L_end_Delay_500us:
0x00C6	0x0008      	RETURN
; end of _Delay_500us
_____DoICP:
;__Lib_System.c,6 :: 		
;__Lib_System.c,9 :: 		
0x00C7	0x1283      	BCF        STATUS, 5
0x00C8	0x1303      	BCF        STATUS, 6
0x00C9	0x0827      	MOVF       ___DoICPAddr+1, 0
0x00CA	0x008A      	MOVWF      PCLATH
;__Lib_System.c,10 :: 		
0x00CB	0x0826      	MOVF       ___DoICPAddr, 0
0x00CC	0x0082      	MOVWF      PCL
;__Lib_System.c,12 :: 		
L_end_____DoICP:
0x00CD	0x0008      	RETURN
; end of _____DoICP
Calculator_set_timer0_prescaler:
;Calculator.c,161 :: 		static void set_timer0_prescaler(bool p0, bool p1, bool p2) {
;Calculator.c,163 :: 		OPTION_REG.PS0 = p0;
0x00CE	0x1283      	BCF        STATUS, 5
0x00CF	0x1303      	BCF        STATUS, 6
0x00D0	0x182A      	BTFSC      FARG_Calculator_set_timer0_prescaler_p0, 0
0x00D1	0x28D5      	GOTO       L_Calculator_set_timer0_prescaler92
0x00D2	0x1683      	BSF        STATUS, 5
0x00D3	0x1001      	BCF        OPTION_REG, 0
0x00D4	0x28D7      	GOTO       L_Calculator_set_timer0_prescaler93
L_Calculator_set_timer0_prescaler92:
0x00D5	0x1683      	BSF        STATUS, 5
0x00D6	0x1401      	BSF        OPTION_REG, 0
L_Calculator_set_timer0_prescaler93:
;Calculator.c,164 :: 		OPTION_REG.PS1 = p1;
0x00D7	0x1283      	BCF        STATUS, 5
0x00D8	0x182B      	BTFSC      FARG_Calculator_set_timer0_prescaler_p1, 0
0x00D9	0x28DD      	GOTO       L_Calculator_set_timer0_prescaler94
0x00DA	0x1683      	BSF        STATUS, 5
0x00DB	0x1081      	BCF        OPTION_REG, 1
0x00DC	0x28DF      	GOTO       L_Calculator_set_timer0_prescaler95
L_Calculator_set_timer0_prescaler94:
0x00DD	0x1683      	BSF        STATUS, 5
0x00DE	0x1481      	BSF        OPTION_REG, 1
L_Calculator_set_timer0_prescaler95:
;Calculator.c,165 :: 		OPTION_REG.PS2 = p2;
0x00DF	0x1283      	BCF        STATUS, 5
0x00E0	0x182C      	BTFSC      FARG_Calculator_set_timer0_prescaler_p2, 0
0x00E1	0x28E5      	GOTO       L_Calculator_set_timer0_prescaler96
0x00E2	0x1683      	BSF        STATUS, 5
0x00E3	0x1101      	BCF        OPTION_REG, 2
0x00E4	0x28E7      	GOTO       L_Calculator_set_timer0_prescaler97
L_Calculator_set_timer0_prescaler96:
0x00E5	0x1683      	BSF        STATUS, 5
0x00E6	0x1501      	BSF        OPTION_REG, 2
L_Calculator_set_timer0_prescaler97:
;Calculator.c,166 :: 		}
L_end_set_timer0_prescaler:
0x00E7	0x0008      	RETURN
; end of Calculator_set_timer0_prescaler
Calculator_calculate:
;Calculator.c,86 :: 		static char calculate() {
;Calculator.c,87 :: 		switch(current_operator) {
0x00E8	0x2907      	GOTO       L_Calculator_calculate30
;Calculator.c,88 :: 		case 10: return (first_value / second_value) + '0'; break;
L_Calculator_calculate32:
0x00E9	0x1283      	BCF        STATUS, 5
0x00EA	0x1303      	BCF        STATUS, 6
0x00EB	0x0825      	MOVF       Calculator_second_value, 0
0x00EC	0x00F4      	MOVWF      R4
0x00ED	0x0824      	MOVF       Calculator_first_value, 0
0x00EE	0x00F0      	MOVWF      R0
0x00EF	0x203E      	CALL       _Div_8X8_S
0x00F0	0x3030      	MOVLW      48
0x00F1	0x07F0      	ADDWF      R0, 1
0x00F2	0x291B      	GOTO       L_end_calculate
;Calculator.c,89 :: 		case 11: return (first_value * second_value) + '0'; break;
L_Calculator_calculate33:
0x00F3	0x0824      	MOVF       Calculator_first_value, 0
0x00F4	0x00F0      	MOVWF      R0
0x00F5	0x0825      	MOVF       Calculator_second_value, 0
0x00F6	0x00F4      	MOVWF      R4
0x00F7	0x208F      	CALL       _Mul_8X8_U
0x00F8	0x3030      	MOVLW      48
0x00F9	0x07F0      	ADDWF      R0, 1
0x00FA	0x291B      	GOTO       L_end_calculate
;Calculator.c,90 :: 		case 12: return (first_value - second_value) + '0'; break;
L_Calculator_calculate34:
0x00FB	0x0825      	MOVF       Calculator_second_value, 0
0x00FC	0x0224      	SUBWF      Calculator_first_value, 0
0x00FD	0x00F0      	MOVWF      R0
0x00FE	0x3030      	MOVLW      48
0x00FF	0x07F0      	ADDWF      R0, 1
0x0100	0x291B      	GOTO       L_end_calculate
;Calculator.c,91 :: 		case 15: return (first_value + second_value) + '0'; break;
L_Calculator_calculate35:
0x0101	0x0825      	MOVF       Calculator_second_value, 0
0x0102	0x0724      	ADDWF      Calculator_first_value, 0
0x0103	0x00F0      	MOVWF      R0
0x0104	0x3030      	MOVLW      48
0x0105	0x07F0      	ADDWF      R0, 1
0x0106	0x291B      	GOTO       L_end_calculate
;Calculator.c,92 :: 		}
L_Calculator_calculate30:
0x0107	0x1283      	BCF        STATUS, 5
0x0108	0x1303      	BCF        STATUS, 6
0x0109	0x0821      	MOVF       Calculator_current_operator, 0
0x010A	0x3A0A      	XORLW      10
0x010B	0x1903      	BTFSC      STATUS, 2
0x010C	0x28E9      	GOTO       L_Calculator_calculate32
0x010D	0x0821      	MOVF       Calculator_current_operator, 0
0x010E	0x3A0B      	XORLW      11
0x010F	0x1903      	BTFSC      STATUS, 2
0x0110	0x28F3      	GOTO       L_Calculator_calculate33
0x0111	0x0821      	MOVF       Calculator_current_operator, 0
0x0112	0x3A0C      	XORLW      12
0x0113	0x1903      	BTFSC      STATUS, 2
0x0114	0x28FB      	GOTO       L_Calculator_calculate34
0x0115	0x0821      	MOVF       Calculator_current_operator, 0
0x0116	0x3A0F      	XORLW      15
0x0117	0x1903      	BTFSC      STATUS, 2
0x0118	0x2901      	GOTO       L_Calculator_calculate35
;Calculator.c,93 :: 		return 'X';
0x0119	0x3058      	MOVLW      88
0x011A	0x00F0      	MOVWF      R0
;Calculator.c,94 :: 		}
L_end_calculate:
0x011B	0x0008      	RETURN
; end of Calculator_calculate
Calculator_clear_display:
;Calculator.c,79 :: 		static void clear_display() {
;Calculator.c,81 :: 		display(0b00000001);
0x011C	0x3001      	MOVLW      1
0x011D	0x1283      	BCF        STATUS, 5
0x011E	0x1303      	BCF        STATUS, 6
0x011F	0x00B3      	MOVWF      FARG_Calculator_display_s
0x0120	0x20A8      	CALL       Calculator_display
;Calculator.c,82 :: 		PORTC = 0;
0x0121	0x0187      	CLRF       PORTC
;Calculator.c,83 :: 		PORTD = 0;
0x0122	0x0188      	CLRF       PORTD
;Calculator.c,84 :: 		}
L_end_clear_display:
0x0123	0x0008      	RETURN
; end of Calculator_clear_display
Calculator_print:
;Calculator.c,65 :: 		static void print(unsigned short s) {
;Calculator.c,67 :: 		PORTC.B0 = 1;
0x0124	0x1283      	BCF        STATUS, 5
0x0125	0x1303      	BCF        STATUS, 6
0x0126	0x1407      	BSF        PORTC, 0
;Calculator.c,69 :: 		PORTC.B1 = 1;
0x0127	0x1487      	BSF        PORTC, 1
;Calculator.c,70 :: 		display(s);
0x0128	0x082D      	MOVF       FARG_Calculator_print_s, 0
0x0129	0x00B3      	MOVWF      FARG_Calculator_display_s
0x012A	0x20A8      	CALL       Calculator_display
;Calculator.c,72 :: 		display(0b00110000);
0x012B	0x3030      	MOVLW      48
0x012C	0x00B3      	MOVWF      FARG_Calculator_display_s
0x012D	0x20A8      	CALL       Calculator_display
;Calculator.c,74 :: 		display(0b00001110);
0x012E	0x300E      	MOVLW      14
0x012F	0x00B3      	MOVWF      FARG_Calculator_display_s
0x0130	0x20A8      	CALL       Calculator_display
;Calculator.c,76 :: 		PORTC.B0 = 1;
0x0131	0x1407      	BSF        PORTC, 0
;Calculator.c,77 :: 		}
L_end_print:
0x0132	0x0008      	RETURN
; end of Calculator_print
Calculator_clean_data:
;Calculator.c,96 :: 		static void clean_data() {
;Calculator.c,97 :: 		first_value = 0;
0x0133	0x1283      	BCF        STATUS, 5
0x0134	0x1303      	BCF        STATUS, 6
0x0135	0x01A4      	CLRF       Calculator_first_value
;Calculator.c,98 :: 		second_value = 0;
0x0136	0x01A5      	CLRF       Calculator_second_value
;Calculator.c,99 :: 		current_operator = 0;
0x0137	0x01A1      	CLRF       Calculator_current_operator
;Calculator.c,100 :: 		current_command = -1;
0x0138	0x30FF      	MOVLW      255
0x0139	0x00A2      	MOVWF      Calculator_current_command
;Calculator.c,101 :: 		}
L_end_clean_data:
0x013A	0x0008      	RETURN
; end of Calculator_clean_data
_Button:
;__Lib_Button.c,6 :: 		
;__Lib_Button.c,8 :: 		
0x013B	0x1283      	BCF        STATUS, 5
0x013C	0x1303      	BCF        STATUS, 6
0x013D	0x01B2      	CLRF       Button_rslt_L0
;__Lib_Button.c,11 :: 		
0x013E	0x082E      	MOVF       FARG_Button_pin, 0
0x013F	0x00F1      	MOVWF      R1
0x0140	0x3001      	MOVLW      1
0x0141	0x00F0      	MOVWF      R0
0x0142	0x0871      	MOVF       R1, 0
L__Button5:
0x0143	0x1903      	BTFSC      STATUS, 2
0x0144	0x2949      	GOTO       L__Button6
0x0145	0x0DF0      	RLF        R0, 1
0x0146	0x1070      	BCF        R0, 0
0x0147	0x3EFF      	ADDLW      255
0x0148	0x2943      	GOTO       L__Button5
L__Button6:
0x0149	0x0870      	MOVF       R0, 0
0x014A	0x00B1      	MOVWF      Button_pMask_L0
;__Lib_Button.c,13 :: 		
0x014B	0x082D      	MOVF       FARG_Button_port, 0
0x014C	0x0084      	MOVWF      FSR
0x014D	0x0870      	MOVF       R0, 0
0x014E	0x0500      	ANDWF      INDF, 0
0x014F	0x00F1      	MOVWF      R1
0x0150	0x0871      	MOVF       R1, 0
0x0151	0x3001      	MOVLW      1
0x0152	0x1D03      	BTFSS      STATUS, 2
0x0153	0x3000      	MOVLW      0
0x0154	0x00F0      	MOVWF      R0
0x0155	0x0830      	MOVF       FARG_Button_active_state, 0
0x0156	0x06F0      	XORWF      R0, 1
0x0157	0x1903      	BTFSC      STATUS, 2
0x0158	0x2971      	GOTO       L_Button0
;__Lib_Button.c,15 :: 		
L_Button1:
0x0159	0x082F      	MOVF       FARG_Button_time_ms, 0
0x015A	0x3C00      	SUBLW      0
0x015B	0x1803      	BTFSC      STATUS, 0
0x015C	0x2961      	GOTO       L_Button2
;__Lib_Button.c,16 :: 		
0x015D	0x20C0      	CALL       _Delay_500us
;__Lib_Button.c,17 :: 		
0x015E	0x20C0      	CALL       _Delay_500us
;__Lib_Button.c,18 :: 		
0x015F	0x03AF      	DECF       FARG_Button_time_ms, 1
;__Lib_Button.c,19 :: 		
0x0160	0x2959      	GOTO       L_Button1
L_Button2:
;__Lib_Button.c,21 :: 		
0x0161	0x082D      	MOVF       FARG_Button_port, 0
0x0162	0x0084      	MOVWF      FSR
0x0163	0x0831      	MOVF       Button_pMask_L0, 0
0x0164	0x0500      	ANDWF      INDF, 0
0x0165	0x00F1      	MOVWF      R1
0x0166	0x0871      	MOVF       R1, 0
0x0167	0x3001      	MOVLW      1
0x0168	0x1D03      	BTFSS      STATUS, 2
0x0169	0x3000      	MOVLW      0
0x016A	0x00F0      	MOVWF      R0
0x016B	0x0830      	MOVF       FARG_Button_active_state, 0
0x016C	0x06F0      	XORWF      R0, 1
0x016D	0x1903      	BTFSC      STATUS, 2
0x016E	0x2971      	GOTO       L_Button3
;__Lib_Button.c,22 :: 		
0x016F	0x30FF      	MOVLW      255
0x0170	0x00B2      	MOVWF      Button_rslt_L0
L_Button3:
;__Lib_Button.c,23 :: 		
L_Button0:
;__Lib_Button.c,25 :: 		
0x0171	0x0832      	MOVF       Button_rslt_L0, 0
0x0172	0x00F0      	MOVWF      R0
;__Lib_Button.c,26 :: 		
L_end_Button:
0x0173	0x0008      	RETURN
; end of _Button
Calculator_check_row3:
;Calculator.c,42 :: 		static void check_row3() {
;Calculator.c,43 :: 		if(Button(&PORTB, 3, 1, 1)) {
0x0174	0x3006      	MOVLW      PORTB
0x0175	0x1283      	BCF        STATUS, 5
0x0176	0x1303      	BCF        STATUS, 6
0x0177	0x00AD      	MOVWF      FARG_Button_port
0x0178	0x3003      	MOVLW      3
0x0179	0x00AE      	MOVWF      FARG_Button_pin
0x017A	0x3001      	MOVLW      1
0x017B	0x00AF      	MOVWF      FARG_Button_time_ms
0x017C	0x3001      	MOVLW      1
0x017D	0x00B0      	MOVWF      FARG_Button_active_state
0x017E	0x213B      	CALL       _Button
0x017F	0x0870      	MOVF       R0, 0
0x0180	0x1903      	BTFSC      STATUS, 2
0x0181	0x299E      	GOTO       L_Calculator_check_row321
;Calculator.c,44 :: 		switch(portb_current_pin) {
0x0182	0x298E      	GOTO       L_Calculator_check_row322
;Calculator.c,45 :: 		case 4: current_command = 13; break;
L_Calculator_check_row324:
0x0183	0x300D      	MOVLW      13
0x0184	0x00A2      	MOVWF      Calculator_current_command
0x0185	0x299E      	GOTO       L_Calculator_check_row323
;Calculator.c,46 :: 		case 5: current_command = 0; break;
L_Calculator_check_row325:
0x0186	0x01A2      	CLRF       Calculator_current_command
0x0187	0x299E      	GOTO       L_Calculator_check_row323
;Calculator.c,47 :: 		case 6: current_command = 14; break;
L_Calculator_check_row326:
0x0188	0x300E      	MOVLW      14
0x0189	0x00A2      	MOVWF      Calculator_current_command
0x018A	0x299E      	GOTO       L_Calculator_check_row323
;Calculator.c,48 :: 		case 7: current_command = 15; break;
L_Calculator_check_row327:
0x018B	0x300F      	MOVLW      15
0x018C	0x00A2      	MOVWF      Calculator_current_command
0x018D	0x299E      	GOTO       L_Calculator_check_row323
;Calculator.c,49 :: 		}
L_Calculator_check_row322:
0x018E	0x0823      	MOVF       Calculator_portb_current_pin, 0
0x018F	0x3A04      	XORLW      4
0x0190	0x1903      	BTFSC      STATUS, 2
0x0191	0x2983      	GOTO       L_Calculator_check_row324
0x0192	0x0823      	MOVF       Calculator_portb_current_pin, 0
0x0193	0x3A05      	XORLW      5
0x0194	0x1903      	BTFSC      STATUS, 2
0x0195	0x2986      	GOTO       L_Calculator_check_row325
0x0196	0x0823      	MOVF       Calculator_portb_current_pin, 0
0x0197	0x3A06      	XORLW      6
0x0198	0x1903      	BTFSC      STATUS, 2
0x0199	0x2988      	GOTO       L_Calculator_check_row326
0x019A	0x0823      	MOVF       Calculator_portb_current_pin, 0
0x019B	0x3A07      	XORLW      7
0x019C	0x1903      	BTFSC      STATUS, 2
0x019D	0x298B      	GOTO       L_Calculator_check_row327
L_Calculator_check_row323:
;Calculator.c,50 :: 		}
L_Calculator_check_row321:
;Calculator.c,51 :: 		}
L_end_check_row3:
0x019E	0x0008      	RETURN
; end of Calculator_check_row3
Calculator_check_row2:
;Calculator.c,31 :: 		static void check_row2() {
;Calculator.c,32 :: 		if(Button(&PORTB, 2, 1, 1)) {
0x019F	0x3006      	MOVLW      PORTB
0x01A0	0x1283      	BCF        STATUS, 5
0x01A1	0x1303      	BCF        STATUS, 6
0x01A2	0x00AD      	MOVWF      FARG_Button_port
0x01A3	0x3002      	MOVLW      2
0x01A4	0x00AE      	MOVWF      FARG_Button_pin
0x01A5	0x3001      	MOVLW      1
0x01A6	0x00AF      	MOVWF      FARG_Button_time_ms
0x01A7	0x3001      	MOVLW      1
0x01A8	0x00B0      	MOVWF      FARG_Button_active_state
0x01A9	0x213B      	CALL       _Button
0x01AA	0x0870      	MOVF       R0, 0
0x01AB	0x1903      	BTFSC      STATUS, 2
0x01AC	0x29CA      	GOTO       L_Calculator_check_row214
;Calculator.c,33 :: 		switch(portb_current_pin) {
0x01AD	0x29BA      	GOTO       L_Calculator_check_row215
;Calculator.c,34 :: 		case 4: current_command = 1; break;
L_Calculator_check_row217:
0x01AE	0x3001      	MOVLW      1
0x01AF	0x00A2      	MOVWF      Calculator_current_command
0x01B0	0x29CA      	GOTO       L_Calculator_check_row216
;Calculator.c,35 :: 		case 5: current_command = 2; break;
L_Calculator_check_row218:
0x01B1	0x3002      	MOVLW      2
0x01B2	0x00A2      	MOVWF      Calculator_current_command
0x01B3	0x29CA      	GOTO       L_Calculator_check_row216
;Calculator.c,36 :: 		case 6: current_command = 3; break;
L_Calculator_check_row219:
0x01B4	0x3003      	MOVLW      3
0x01B5	0x00A2      	MOVWF      Calculator_current_command
0x01B6	0x29CA      	GOTO       L_Calculator_check_row216
;Calculator.c,37 :: 		case 7: current_command = 12; break;
L_Calculator_check_row220:
0x01B7	0x300C      	MOVLW      12
0x01B8	0x00A2      	MOVWF      Calculator_current_command
0x01B9	0x29CA      	GOTO       L_Calculator_check_row216
;Calculator.c,38 :: 		}
L_Calculator_check_row215:
0x01BA	0x0823      	MOVF       Calculator_portb_current_pin, 0
0x01BB	0x3A04      	XORLW      4
0x01BC	0x1903      	BTFSC      STATUS, 2
0x01BD	0x29AE      	GOTO       L_Calculator_check_row217
0x01BE	0x0823      	MOVF       Calculator_portb_current_pin, 0
0x01BF	0x3A05      	XORLW      5
0x01C0	0x1903      	BTFSC      STATUS, 2
0x01C1	0x29B1      	GOTO       L_Calculator_check_row218
0x01C2	0x0823      	MOVF       Calculator_portb_current_pin, 0
0x01C3	0x3A06      	XORLW      6
0x01C4	0x1903      	BTFSC      STATUS, 2
0x01C5	0x29B4      	GOTO       L_Calculator_check_row219
0x01C6	0x0823      	MOVF       Calculator_portb_current_pin, 0
0x01C7	0x3A07      	XORLW      7
0x01C8	0x1903      	BTFSC      STATUS, 2
0x01C9	0x29B7      	GOTO       L_Calculator_check_row220
L_Calculator_check_row216:
;Calculator.c,39 :: 		}
L_Calculator_check_row214:
;Calculator.c,40 :: 		}
L_end_check_row2:
0x01CA	0x0008      	RETURN
; end of Calculator_check_row2
Calculator_print_or_do_command:
;Calculator.c,103 :: 		static void print_or_do_command() {
;Calculator.c,104 :: 		PORTC = 0;
0x01CB	0x1283      	BCF        STATUS, 5
0x01CC	0x1303      	BCF        STATUS, 6
0x01CD	0x0187      	CLRF       PORTC
;Calculator.c,105 :: 		PORTD = 0;
0x01CE	0x0188      	CLRF       PORTD
;Calculator.c,106 :: 		switch(current_command) {
0x01CF	0x2A12      	GOTO       L_Calculator_print_or_do_command36
;Calculator.c,107 :: 		case 0: print('0'); break;
L_Calculator_print_or_do_command38:
0x01D0	0x3030      	MOVLW      48
0x01D1	0x00AD      	MOVWF      FARG_Calculator_print_s
0x01D2	0x2124      	CALL       Calculator_print
0x01D3	0x2A52      	GOTO       L_Calculator_print_or_do_command37
;Calculator.c,108 :: 		case 1: print('1'); break;
L_Calculator_print_or_do_command39:
0x01D4	0x3031      	MOVLW      49
0x01D5	0x00AD      	MOVWF      FARG_Calculator_print_s
0x01D6	0x2124      	CALL       Calculator_print
0x01D7	0x2A52      	GOTO       L_Calculator_print_or_do_command37
;Calculator.c,109 :: 		case 2: print('2'); break;
L_Calculator_print_or_do_command40:
0x01D8	0x3032      	MOVLW      50
0x01D9	0x00AD      	MOVWF      FARG_Calculator_print_s
0x01DA	0x2124      	CALL       Calculator_print
0x01DB	0x2A52      	GOTO       L_Calculator_print_or_do_command37
;Calculator.c,110 :: 		case 3: print('3'); break;
L_Calculator_print_or_do_command41:
0x01DC	0x3033      	MOVLW      51
0x01DD	0x00AD      	MOVWF      FARG_Calculator_print_s
0x01DE	0x2124      	CALL       Calculator_print
0x01DF	0x2A52      	GOTO       L_Calculator_print_or_do_command37
;Calculator.c,111 :: 		case 4: print('4'); break;
L_Calculator_print_or_do_command42:
0x01E0	0x3034      	MOVLW      52
0x01E1	0x00AD      	MOVWF      FARG_Calculator_print_s
0x01E2	0x2124      	CALL       Calculator_print
0x01E3	0x2A52      	GOTO       L_Calculator_print_or_do_command37
;Calculator.c,112 :: 		case 5: print('5'); break;
L_Calculator_print_or_do_command43:
0x01E4	0x3035      	MOVLW      53
0x01E5	0x00AD      	MOVWF      FARG_Calculator_print_s
0x01E6	0x2124      	CALL       Calculator_print
0x01E7	0x2A52      	GOTO       L_Calculator_print_or_do_command37
;Calculator.c,113 :: 		case 6: print('6'); break;
L_Calculator_print_or_do_command44:
0x01E8	0x3036      	MOVLW      54
0x01E9	0x00AD      	MOVWF      FARG_Calculator_print_s
0x01EA	0x2124      	CALL       Calculator_print
0x01EB	0x2A52      	GOTO       L_Calculator_print_or_do_command37
;Calculator.c,114 :: 		case 7: print('7'); break;
L_Calculator_print_or_do_command45:
0x01EC	0x3037      	MOVLW      55
0x01ED	0x00AD      	MOVWF      FARG_Calculator_print_s
0x01EE	0x2124      	CALL       Calculator_print
0x01EF	0x2A52      	GOTO       L_Calculator_print_or_do_command37
;Calculator.c,115 :: 		case 8: print('8'); break;
L_Calculator_print_or_do_command46:
0x01F0	0x3038      	MOVLW      56
0x01F1	0x00AD      	MOVWF      FARG_Calculator_print_s
0x01F2	0x2124      	CALL       Calculator_print
0x01F3	0x2A52      	GOTO       L_Calculator_print_or_do_command37
;Calculator.c,116 :: 		case 9: print('9'); break;
L_Calculator_print_or_do_command47:
0x01F4	0x3039      	MOVLW      57
0x01F5	0x00AD      	MOVWF      FARG_Calculator_print_s
0x01F6	0x2124      	CALL       Calculator_print
0x01F7	0x2A52      	GOTO       L_Calculator_print_or_do_command37
;Calculator.c,117 :: 		case 10: print('/'); break;
L_Calculator_print_or_do_command48:
0x01F8	0x302F      	MOVLW      47
0x01F9	0x00AD      	MOVWF      FARG_Calculator_print_s
0x01FA	0x2124      	CALL       Calculator_print
0x01FB	0x2A52      	GOTO       L_Calculator_print_or_do_command37
;Calculator.c,118 :: 		case 11: print('*'); break;
L_Calculator_print_or_do_command49:
0x01FC	0x302A      	MOVLW      42
0x01FD	0x00AD      	MOVWF      FARG_Calculator_print_s
0x01FE	0x2124      	CALL       Calculator_print
0x01FF	0x2A52      	GOTO       L_Calculator_print_or_do_command37
;Calculator.c,119 :: 		case 12: print('-'); break;
L_Calculator_print_or_do_command50:
0x0200	0x302D      	MOVLW      45
0x0201	0x00AD      	MOVWF      FARG_Calculator_print_s
0x0202	0x2124      	CALL       Calculator_print
0x0203	0x2A52      	GOTO       L_Calculator_print_or_do_command37
;Calculator.c,120 :: 		case 13: clear_display(); break;
L_Calculator_print_or_do_command51:
0x0204	0x211C      	CALL       Calculator_clear_display
0x0205	0x2A52      	GOTO       L_Calculator_print_or_do_command37
;Calculator.c,121 :: 		case 14: print('=');
L_Calculator_print_or_do_command52:
0x0206	0x303D      	MOVLW      61
0x0207	0x00AD      	MOVWF      FARG_Calculator_print_s
0x0208	0x2124      	CALL       Calculator_print
;Calculator.c,122 :: 		print(calculate());
0x0209	0x20E8      	CALL       Calculator_calculate
0x020A	0x0870      	MOVF       R0, 0
0x020B	0x00AD      	MOVWF      FARG_Calculator_print_s
0x020C	0x2124      	CALL       Calculator_print
;Calculator.c,123 :: 		break;
0x020D	0x2A52      	GOTO       L_Calculator_print_or_do_command37
;Calculator.c,124 :: 		case 15: print('+'); break;
L_Calculator_print_or_do_command53:
0x020E	0x302B      	MOVLW      43
0x020F	0x00AD      	MOVWF      FARG_Calculator_print_s
0x0210	0x2124      	CALL       Calculator_print
0x0211	0x2A52      	GOTO       L_Calculator_print_or_do_command37
;Calculator.c,125 :: 		}
L_Calculator_print_or_do_command36:
0x0212	0x0822      	MOVF       Calculator_current_command, 0
0x0213	0x3A00      	XORLW      0
0x0214	0x1903      	BTFSC      STATUS, 2
0x0215	0x29D0      	GOTO       L_Calculator_print_or_do_command38
0x0216	0x0822      	MOVF       Calculator_current_command, 0
0x0217	0x3A01      	XORLW      1
0x0218	0x1903      	BTFSC      STATUS, 2
0x0219	0x29D4      	GOTO       L_Calculator_print_or_do_command39
0x021A	0x0822      	MOVF       Calculator_current_command, 0
0x021B	0x3A02      	XORLW      2
0x021C	0x1903      	BTFSC      STATUS, 2
0x021D	0x29D8      	GOTO       L_Calculator_print_or_do_command40
0x021E	0x0822      	MOVF       Calculator_current_command, 0
0x021F	0x3A03      	XORLW      3
0x0220	0x1903      	BTFSC      STATUS, 2
0x0221	0x29DC      	GOTO       L_Calculator_print_or_do_command41
0x0222	0x0822      	MOVF       Calculator_current_command, 0
0x0223	0x3A04      	XORLW      4
0x0224	0x1903      	BTFSC      STATUS, 2
0x0225	0x29E0      	GOTO       L_Calculator_print_or_do_command42
0x0226	0x0822      	MOVF       Calculator_current_command, 0
0x0227	0x3A05      	XORLW      5
0x0228	0x1903      	BTFSC      STATUS, 2
0x0229	0x29E4      	GOTO       L_Calculator_print_or_do_command43
0x022A	0x0822      	MOVF       Calculator_current_command, 0
0x022B	0x3A06      	XORLW      6
0x022C	0x1903      	BTFSC      STATUS, 2
0x022D	0x29E8      	GOTO       L_Calculator_print_or_do_command44
0x022E	0x0822      	MOVF       Calculator_current_command, 0
0x022F	0x3A07      	XORLW      7
0x0230	0x1903      	BTFSC      STATUS, 2
0x0231	0x29EC      	GOTO       L_Calculator_print_or_do_command45
0x0232	0x0822      	MOVF       Calculator_current_command, 0
0x0233	0x3A08      	XORLW      8
0x0234	0x1903      	BTFSC      STATUS, 2
0x0235	0x29F0      	GOTO       L_Calculator_print_or_do_command46
0x0236	0x0822      	MOVF       Calculator_current_command, 0
0x0237	0x3A09      	XORLW      9
0x0238	0x1903      	BTFSC      STATUS, 2
0x0239	0x29F4      	GOTO       L_Calculator_print_or_do_command47
0x023A	0x0822      	MOVF       Calculator_current_command, 0
0x023B	0x3A0A      	XORLW      10
0x023C	0x1903      	BTFSC      STATUS, 2
0x023D	0x29F8      	GOTO       L_Calculator_print_or_do_command48
0x023E	0x0822      	MOVF       Calculator_current_command, 0
0x023F	0x3A0B      	XORLW      11
0x0240	0x1903      	BTFSC      STATUS, 2
0x0241	0x29FC      	GOTO       L_Calculator_print_or_do_command49
0x0242	0x0822      	MOVF       Calculator_current_command, 0
0x0243	0x3A0C      	XORLW      12
0x0244	0x1903      	BTFSC      STATUS, 2
0x0245	0x2A00      	GOTO       L_Calculator_print_or_do_command50
0x0246	0x0822      	MOVF       Calculator_current_command, 0
0x0247	0x3A0D      	XORLW      13
0x0248	0x1903      	BTFSC      STATUS, 2
0x0249	0x2A04      	GOTO       L_Calculator_print_or_do_command51
0x024A	0x0822      	MOVF       Calculator_current_command, 0
0x024B	0x3A0E      	XORLW      14
0x024C	0x1903      	BTFSC      STATUS, 2
0x024D	0x2A06      	GOTO       L_Calculator_print_or_do_command52
0x024E	0x0822      	MOVF       Calculator_current_command, 0
0x024F	0x3A0F      	XORLW      15
0x0250	0x1903      	BTFSC      STATUS, 2
0x0251	0x2A0E      	GOTO       L_Calculator_print_or_do_command53
L_Calculator_print_or_do_command37:
;Calculator.c,126 :: 		if(current_command >= 0 && current_command <= 9) {
0x0252	0x3080      	MOVLW      128
0x0253	0x0622      	XORWF      Calculator_current_command, 0
0x0254	0x00F0      	MOVWF      R0
0x0255	0x3080      	MOVLW      128
0x0256	0x3A00      	XORLW      0
0x0257	0x0270      	SUBWF      R0, 0
0x0258	0x1C03      	BTFSS      STATUS, 0
0x0259	0x2A6C      	GOTO       L_Calculator_print_or_do_command56
0x025A	0x3080      	MOVLW      128
0x025B	0x3A09      	XORLW      9
0x025C	0x00F0      	MOVWF      R0
0x025D	0x3080      	MOVLW      128
0x025E	0x0622      	XORWF      Calculator_current_command, 0
0x025F	0x0270      	SUBWF      R0, 0
0x0260	0x1C03      	BTFSS      STATUS, 0
0x0261	0x2A6C      	GOTO       L_Calculator_print_or_do_command56
L_Calculator_print_or_do_command78:
;Calculator.c,128 :: 		if (current_operator == 0) {
0x0262	0x0821      	MOVF       Calculator_current_operator, 0
0x0263	0x3A00      	XORLW      0
0x0264	0x1D03      	BTFSS      STATUS, 2
0x0265	0x2A69      	GOTO       L_Calculator_print_or_do_command57
;Calculator.c,129 :: 		first_value = current_command;
0x0266	0x0822      	MOVF       Calculator_current_command, 0
0x0267	0x00A4      	MOVWF      Calculator_first_value
;Calculator.c,130 :: 		} else {
0x0268	0x2A6B      	GOTO       L_Calculator_print_or_do_command58
L_Calculator_print_or_do_command57:
;Calculator.c,131 :: 		second_value = current_command;
0x0269	0x0822      	MOVF       Calculator_current_command, 0
0x026A	0x00A5      	MOVWF      Calculator_second_value
;Calculator.c,132 :: 		}
L_Calculator_print_or_do_command58:
;Calculator.c,133 :: 		} else if(current_command >= 10 && current_command <= 15) {
0x026B	0x2A7E      	GOTO       L_Calculator_print_or_do_command59
L_Calculator_print_or_do_command56:
0x026C	0x3080      	MOVLW      128
0x026D	0x0622      	XORWF      Calculator_current_command, 0
0x026E	0x00F0      	MOVWF      R0
0x026F	0x3080      	MOVLW      128
0x0270	0x3A0A      	XORLW      10
0x0271	0x0270      	SUBWF      R0, 0
0x0272	0x1C03      	BTFSS      STATUS, 0
0x0273	0x2A7E      	GOTO       L_Calculator_print_or_do_command62
0x0274	0x3080      	MOVLW      128
0x0275	0x3A0F      	XORLW      15
0x0276	0x00F0      	MOVWF      R0
0x0277	0x3080      	MOVLW      128
0x0278	0x0622      	XORWF      Calculator_current_command, 0
0x0279	0x0270      	SUBWF      R0, 0
0x027A	0x1C03      	BTFSS      STATUS, 0
0x027B	0x2A7E      	GOTO       L_Calculator_print_or_do_command62
L_Calculator_print_or_do_command77:
;Calculator.c,134 :: 		current_operator = current_command;
0x027C	0x0822      	MOVF       Calculator_current_command, 0
0x027D	0x00A1      	MOVWF      Calculator_current_operator
;Calculator.c,135 :: 		}
L_Calculator_print_or_do_command62:
L_Calculator_print_or_do_command59:
;Calculator.c,136 :: 		if(current_command == 14 || current_command == 13) {
0x027E	0x0822      	MOVF       Calculator_current_command, 0
0x027F	0x3A0E      	XORLW      14
0x0280	0x1903      	BTFSC      STATUS, 2
0x0281	0x2A87      	GOTO       L_Calculator_print_or_do_command76
0x0282	0x0822      	MOVF       Calculator_current_command, 0
0x0283	0x3A0D      	XORLW      13
0x0284	0x1903      	BTFSC      STATUS, 2
0x0285	0x2A87      	GOTO       L_Calculator_print_or_do_command76
0x0286	0x2A88      	GOTO       L_Calculator_print_or_do_command65
L_Calculator_print_or_do_command76:
;Calculator.c,137 :: 		clean_data();
0x0287	0x2133      	CALL       Calculator_clean_data
;Calculator.c,138 :: 		}
L_Calculator_print_or_do_command65:
;Calculator.c,139 :: 		current_command = -1;
0x0288	0x30FF      	MOVLW      255
0x0289	0x00A2      	MOVWF      Calculator_current_command
;Calculator.c,140 :: 		}
L_end_print_or_do_command:
0x028A	0x0008      	RETURN
; end of Calculator_print_or_do_command
Calculator_check_row0:
;Calculator.c,9 :: 		static void check_row0() {
;Calculator.c,10 :: 		if(Button(&PORTB, 0, 1, 1)) {
0x028B	0x3006      	MOVLW      PORTB
0x028C	0x1283      	BCF        STATUS, 5
0x028D	0x1303      	BCF        STATUS, 6
0x028E	0x00AD      	MOVWF      FARG_Button_port
0x028F	0x01AE      	CLRF       FARG_Button_pin
0x0290	0x3001      	MOVLW      1
0x0291	0x00AF      	MOVWF      FARG_Button_time_ms
0x0292	0x3001      	MOVLW      1
0x0293	0x00B0      	MOVWF      FARG_Button_active_state
0x0294	0x213B      	CALL       _Button
0x0295	0x0870      	MOVF       R0, 0
0x0296	0x1903      	BTFSC      STATUS, 2
0x0297	0x2AB5      	GOTO       L_Calculator_check_row00
;Calculator.c,11 :: 		switch(portb_current_pin) {
0x0298	0x2AA5      	GOTO       L_Calculator_check_row01
;Calculator.c,12 :: 		case 4: current_command = 7; break;
L_Calculator_check_row03:
0x0299	0x3007      	MOVLW      7
0x029A	0x00A2      	MOVWF      Calculator_current_command
0x029B	0x2AB5      	GOTO       L_Calculator_check_row02
;Calculator.c,13 :: 		case 5: current_command = 8; break;
L_Calculator_check_row04:
0x029C	0x3008      	MOVLW      8
0x029D	0x00A2      	MOVWF      Calculator_current_command
0x029E	0x2AB5      	GOTO       L_Calculator_check_row02
;Calculator.c,14 :: 		case 6: current_command = 9; break;
L_Calculator_check_row05:
0x029F	0x3009      	MOVLW      9
0x02A0	0x00A2      	MOVWF      Calculator_current_command
0x02A1	0x2AB5      	GOTO       L_Calculator_check_row02
;Calculator.c,15 :: 		case 7: current_command = 10; break;
L_Calculator_check_row06:
0x02A2	0x300A      	MOVLW      10
0x02A3	0x00A2      	MOVWF      Calculator_current_command
0x02A4	0x2AB5      	GOTO       L_Calculator_check_row02
;Calculator.c,16 :: 		}
L_Calculator_check_row01:
0x02A5	0x0823      	MOVF       Calculator_portb_current_pin, 0
0x02A6	0x3A04      	XORLW      4
0x02A7	0x1903      	BTFSC      STATUS, 2
0x02A8	0x2A99      	GOTO       L_Calculator_check_row03
0x02A9	0x0823      	MOVF       Calculator_portb_current_pin, 0
0x02AA	0x3A05      	XORLW      5
0x02AB	0x1903      	BTFSC      STATUS, 2
0x02AC	0x2A9C      	GOTO       L_Calculator_check_row04
0x02AD	0x0823      	MOVF       Calculator_portb_current_pin, 0
0x02AE	0x3A06      	XORLW      6
0x02AF	0x1903      	BTFSC      STATUS, 2
0x02B0	0x2A9F      	GOTO       L_Calculator_check_row05
0x02B1	0x0823      	MOVF       Calculator_portb_current_pin, 0
0x02B2	0x3A07      	XORLW      7
0x02B3	0x1903      	BTFSC      STATUS, 2
0x02B4	0x2AA2      	GOTO       L_Calculator_check_row06
L_Calculator_check_row02:
;Calculator.c,17 :: 		}
L_Calculator_check_row00:
;Calculator.c,18 :: 		}
L_end_check_row0:
0x02B5	0x0008      	RETURN
; end of Calculator_check_row0
Calculator_check_row1:
;Calculator.c,20 :: 		static void check_row1() {
;Calculator.c,21 :: 		if(Button(&PORTB, 1, 1, 1)) {
0x02B6	0x3006      	MOVLW      PORTB
0x02B7	0x1283      	BCF        STATUS, 5
0x02B8	0x1303      	BCF        STATUS, 6
0x02B9	0x00AD      	MOVWF      FARG_Button_port
0x02BA	0x3001      	MOVLW      1
0x02BB	0x00AE      	MOVWF      FARG_Button_pin
0x02BC	0x3001      	MOVLW      1
0x02BD	0x00AF      	MOVWF      FARG_Button_time_ms
0x02BE	0x3001      	MOVLW      1
0x02BF	0x00B0      	MOVWF      FARG_Button_active_state
0x02C0	0x213B      	CALL       _Button
0x02C1	0x0870      	MOVF       R0, 0
0x02C2	0x1903      	BTFSC      STATUS, 2
0x02C3	0x2AE1      	GOTO       L_Calculator_check_row17
;Calculator.c,22 :: 		switch(portb_current_pin) {
0x02C4	0x2AD1      	GOTO       L_Calculator_check_row18
;Calculator.c,23 :: 		case 4: current_command = 4; break;
L_Calculator_check_row110:
0x02C5	0x3004      	MOVLW      4
0x02C6	0x00A2      	MOVWF      Calculator_current_command
0x02C7	0x2AE1      	GOTO       L_Calculator_check_row19
;Calculator.c,24 :: 		case 5: current_command = 5; break;
L_Calculator_check_row111:
0x02C8	0x3005      	MOVLW      5
0x02C9	0x00A2      	MOVWF      Calculator_current_command
0x02CA	0x2AE1      	GOTO       L_Calculator_check_row19
;Calculator.c,25 :: 		case 6: current_command = 6; break;
L_Calculator_check_row112:
0x02CB	0x3006      	MOVLW      6
0x02CC	0x00A2      	MOVWF      Calculator_current_command
0x02CD	0x2AE1      	GOTO       L_Calculator_check_row19
;Calculator.c,26 :: 		case 7: current_command = 11; break;
L_Calculator_check_row113:
0x02CE	0x300B      	MOVLW      11
0x02CF	0x00A2      	MOVWF      Calculator_current_command
0x02D0	0x2AE1      	GOTO       L_Calculator_check_row19
;Calculator.c,27 :: 		}
L_Calculator_check_row18:
0x02D1	0x0823      	MOVF       Calculator_portb_current_pin, 0
0x02D2	0x3A04      	XORLW      4
0x02D3	0x1903      	BTFSC      STATUS, 2
0x02D4	0x2AC5      	GOTO       L_Calculator_check_row110
0x02D5	0x0823      	MOVF       Calculator_portb_current_pin, 0
0x02D6	0x3A05      	XORLW      5
0x02D7	0x1903      	BTFSC      STATUS, 2
0x02D8	0x2AC8      	GOTO       L_Calculator_check_row111
0x02D9	0x0823      	MOVF       Calculator_portb_current_pin, 0
0x02DA	0x3A06      	XORLW      6
0x02DB	0x1903      	BTFSC      STATUS, 2
0x02DC	0x2ACB      	GOTO       L_Calculator_check_row112
0x02DD	0x0823      	MOVF       Calculator_portb_current_pin, 0
0x02DE	0x3A07      	XORLW      7
0x02DF	0x1903      	BTFSC      STATUS, 2
0x02E0	0x2ACE      	GOTO       L_Calculator_check_row113
L_Calculator_check_row19:
;Calculator.c,28 :: 		}
L_Calculator_check_row17:
;Calculator.c,29 :: 		}
L_end_check_row1:
0x02E1	0x0008      	RETURN
; end of Calculator_check_row1
Calculator_init_timer0:
;Calculator.c,168 :: 		static void init_timer0(void) {
;Calculator.c,170 :: 		OPTION_REG.T0CS = 0;
0x02E2	0x1683      	BSF        STATUS, 5
0x02E3	0x1303      	BCF        STATUS, 6
0x02E4	0x1281      	BCF        OPTION_REG, 5
;Calculator.c,172 :: 		OPTION_REG.T0SE = 0;
0x02E5	0x1201      	BCF        OPTION_REG, 4
;Calculator.c,174 :: 		OPTION_REG.PSA = 0;
0x02E6	0x1181      	BCF        OPTION_REG, 3
;Calculator.c,176 :: 		set_timer0_prescaler(0, 0, 1);
0x02E7	0x1283      	BCF        STATUS, 5
0x02E8	0x01AA      	CLRF       FARG_Calculator_set_timer0_prescaler_p0
0x02E9	0x01AB      	CLRF       FARG_Calculator_set_timer0_prescaler_p1
0x02EA	0x3001      	MOVLW      1
0x02EB	0x00AC      	MOVWF      FARG_Calculator_set_timer0_prescaler_p2
0x02EC	0x20CE      	CALL       Calculator_set_timer0_prescaler
;Calculator.c,178 :: 		INTCON.T0IF = 0;
0x02ED	0x110B      	BCF        INTCON, 2
;Calculator.c,180 :: 		INTCON.T0IE = 1;
0x02EE	0x168B      	BSF        INTCON, 5
;Calculator.c,182 :: 		INTCON.GIE = 1;
0x02EF	0x178B      	BSF        INTCON, 7
;Calculator.c,184 :: 		TMR0 = 0;
0x02F0	0x1283      	BCF        STATUS, 5
0x02F1	0x0181      	CLRF       TMR0
;Calculator.c,185 :: 		}
L_end_init_timer0:
0x02F2	0x0008      	RETURN
; end of Calculator_init_timer0
___CC2DW:
;__Lib_System.c,134 :: 		
;__Lib_System.c,137 :: 		
_CC2D_Loop1:
;__Lib_System.c,139 :: 		
0x02F3	0x20C7      	CALL       _____DoICP
0x02F4	0x118A      	BCF        PCLATH, 3
0x02F5	0x120A      	BCF        PCLATH, 4
;__Lib_System.c,141 :: 		
0x02F6	0x0080      	MOVWF      INDF
;__Lib_System.c,142 :: 		
0x02F7	0x0A84      	INCF       FSR, 1
;__Lib_System.c,143 :: 		
0x02F8	0x0AA6      	INCF       ___DoICPAddr, 1
;__Lib_System.c,145 :: 		
0x02F9	0x1903      	BTFSC      STATUS, 2
;__Lib_System.c,146 :: 		
0x02FA	0x0AA7      	INCF       ___DoICPAddr+1, 1
;__Lib_System.c,147 :: 		
0x02FB	0x03F0      	DECF       R0, 1
;__Lib_System.c,149 :: 		
0x02FC	0x1D03      	BTFSS      STATUS, 2
;__Lib_System.c,150 :: 		
0x02FD	0x2AF3      	GOTO       _CC2D_Loop1
;__Lib_System.c,152 :: 		
L_end___CC2DW:
0x02FE	0x0008      	RETURN
; end of ___CC2DW
_main:
0x02FF	0x1283      	BCF        STATUS, 5
0x0300	0x1303      	BCF        STATUS, 6
0x0301	0x01A1      	CLRF       Calculator_current_operator
0x0302	0x30FF      	MOVLW      255
0x0303	0x00A2      	MOVWF      Calculator_current_command
0x0304	0x3003      	MOVLW      3
0x0305	0x00A3      	MOVWF      Calculator_portb_current_pin
0x0306	0x01A4      	CLRF       Calculator_first_value
0x0307	0x01A5      	CLRF       Calculator_second_value
;Calculator.c,187 :: 		void main() {
;Calculator.c,189 :: 		TRISB = 0b00001111;
0x0308	0x300F      	MOVLW      15
0x0309	0x1683      	BSF        STATUS, 5
0x030A	0x0086      	MOVWF      TRISB
;Calculator.c,190 :: 		TRISD = 0;
0x030B	0x0188      	CLRF       TRISD
;Calculator.c,191 :: 		TRISC = 0;
0x030C	0x0187      	CLRF       TRISC
;Calculator.c,193 :: 		PORTB = 0;
0x030D	0x1283      	BCF        STATUS, 5
0x030E	0x0186      	CLRF       PORTB
;Calculator.c,194 :: 		PORTD = 0;
0x030F	0x0188      	CLRF       PORTD
;Calculator.c,195 :: 		PORTC = 0;
0x0310	0x0187      	CLRF       PORTC
;Calculator.c,196 :: 		init_timer0();
0x0311	0x22E2      	CALL       Calculator_init_timer0
;Calculator.c,197 :: 		first_value = 0;
0x0312	0x01A4      	CLRF       Calculator_first_value
;Calculator.c,198 :: 		second_value = 0;
0x0313	0x01A5      	CLRF       Calculator_second_value
;Calculator.c,199 :: 		current_operator = 0;
0x0314	0x01A1      	CLRF       Calculator_current_operator
;Calculator.c,200 :: 		current_command = -1;
0x0315	0x30FF      	MOVLW      255
0x0316	0x00A2      	MOVWF      Calculator_current_command
;Calculator.c,201 :: 		portb_current_pin = 3;
0x0317	0x3003      	MOVLW      3
0x0318	0x00A3      	MOVWF      Calculator_portb_current_pin
;Calculator.c,202 :: 		for(;;) {
L_main73:
;Calculator.c,203 :: 		}
0x0319	0x2B19      	GOTO       L_main73
;Calculator.c,204 :: 		}
L_end_main:
0x031A	0x2B1A      	GOTO       $+0
; end of _main
Symbol List:
//** Routines locations **
//ADDRESS    SIZE    PROCEDURE
//----------------------------------------------
0x0004      [58]    _interrupt
0x003E      [81]    _Div_8X8_S
0x008F      [25]    _Mul_8X8_U
0x00A8      [24]    Calculator_display
0x00C0       [7]    _Delay_500us
0x00C7       [7]    _____DoICP
0x00CE      [26]    Calculator_set_timer0_prescaler
0x00E8      [52]    Calculator_calculate
0x011C       [8]    Calculator_clear_display
0x0124      [15]    Calculator_print
0x0133       [8]    Calculator_clean_data
0x013B      [57]    _Button
0x0174      [43]    Calculator_check_row3
0x019F      [44]    Calculator_check_row2
0x01CB     [192]    Calculator_print_or_do_command
0x028B      [43]    Calculator_check_row0
0x02B6      [44]    Calculator_check_row1
0x02E2      [17]    Calculator_init_timer0
0x02F3      [12]    ___CC2DW
0x02FF      [28]    _main
//** Variables locations ** 
//ADDRESS    SIZE    VARIABLE
//----------------------------------------------
0x0000       [1]    INDF
0x0001       [1]    TMR0
0x0002       [1]    PCL
0x0003       [1]    STATUS
0x0004       [1]    FSR
0x0006       [1]    PORTB
0x0007       [1]    PORTC
0x0008       [1]    PORTD
0x000A       [1]    PCLATH
0x000B       [1]    INTCON
0x0021       [1]    Calculator_current_operator
0x0022       [1]    Calculator_current_command
0x0023       [1]    Calculator_portb_current_pin
0x0024       [1]    Calculator_first_value
0x0025       [1]    Calculator_second_value
0x0026       [2]    ___DoICPAddr
0x0028       [1]    ___saveSTATUS
0x0029       [1]    ___savePCLATH
0x002A       [1]    FARG_Calculator_set_timer0_prescaler_p0
0x002B       [1]    FARG_Calculator_set_timer0_prescaler_p1
0x002C       [1]    FARG_Calculator_set_timer0_prescaler_p2
0x002D       [1]    FARG_Button_port
0x002D       [1]    FARG_Calculator_print_s
0x002E       [1]    FARG_Button_pin
0x002F       [1]    FARG_Button_time_ms
0x0030       [1]    FARG_Button_active_state
0x0031       [1]    Button_pMask_L0
0x0032       [1]    Button_rslt_L0
0x0033       [1]    FARG_Calculator_display_s
0x0070       [1]    R0
0x0071       [1]    R1
0x0072       [1]    R2
0x0073       [1]    R3
0x0074       [1]    R4
0x0075       [1]    R5
0x0076       [1]    R6
0x0077       [1]    R7
0x0078       [1]    R8
0x0079       [1]    R9
0x007A       [1]    R10
0x007B       [1]    R11
0x007C       [1]    R12
0x007D       [1]    R13
0x007E       [1]    R14
0x007F       [1]    R15
0x0081       [1]    OPTION_REG
0x0086       [1]    TRISB
0x0087       [1]    TRISC
0x0088       [1]    TRISD
